<?xml version="1.0" encoding="UTF-8"?>
<!-- Generated by org.testng.reporters.JUnitReportReporter -->
<testsuite hostname="MESHBAPUN205" failures="0" tests="33" name="test_cases.IM10E2ETest" time="765.472" errors="0" timestamp="2025-02-25T13:26:27 IST" skipped="0">
  <testcase classname="test_cases.IM10E2ETest" name="testSALogin" time="2.355"/>
  <system-out/>
  <testcase classname="test_cases.IM10E2ETest" name="testSaAddUser" time="140.471"/>
  <system-out/>
  <testcase classname="test_cases.IM10E2ETest" name="testSaLogOut" time="9.299"/>
  <system-out/>
  <testcase classname="test_cases.IM10E2ETest" name="testIM10SALogin" time="2.226"/>
  <system-out/>
  <testcase classname="test_cases.IM10E2ETest" name="testIM10SAAddPlayer" time="36.229"/>
  <system-out/>
  <testcase classname="test_cases.IM10E2ETest" name="testIM10SALogOut" time="4.279"/>
  <system-out/>
  <testcase classname="test_cases.IM10E2ETest" name="testSaUserPlayer" time="157.833"/>
  <system-out/>
  <testcase classname="test_cases.IM10E2ETest" name="testSaUPLogOut" time="9.298"/>
  <system-out/>
  <testcase classname="test_cases.IM10E2ETest" name="testCALogin" time="2.274"/>
  <system-out/>
  <testcase classname="test_cases.IM10E2ETest" name="testCaAddContent" time="47.433"/>
  <system-out/>
  <testcase classname="test_cases.IM10E2ETest" name="testCaLogOutAfterAdd" time="4.309"/>
  <system-out/>
  <testcase classname="test_cases.IM10E2ETest" name="testQAApproveContent" time="16.902"/>
  <system-out/>
  <testcase classname="test_cases.IM10E2ETest" name="testQALogOutAfterApproved" time="11.304"/>
  <system-out/>
  <testcase classname="test_cases.IM10E2ETest" name="testMarketingCampaignsLogin" time="2.256"/>
  <system-out/>
  <testcase classname="test_cases.IM10E2ETest" name="testAddCampaign" time="42.413"/>
  <system-out/>
  <testcase classname="test_cases.IM10E2ETest" name="testDeleteCampaign" time="6.324"/>
  <system-out/>
  <testcase classname="test_cases.IM10E2ETest" name="testLogOutMarketingCampaigns" time="10.310"/>
  <system-out/>
  <testcase classname="test_cases.IM10E2ETest" name="testQADisapproveContent" time="14.857"/>
  <system-out/>
  <testcase classname="test_cases.IM10E2ETest" name="testQALogOutAfterDisapproved" time="9.270"/>
  <system-out/>
  <testcase classname="test_cases.IM10E2ETest" name="testCaDeleteContent" time="17.834"/>
  <system-out/>
  <testcase classname="test_cases.IM10E2ETest" name="testCaLogOut" time="4.244"/>
  <system-out/>
  <testcase classname="test_cases.IM10E2ETest" name="testSPALogin" time="2.254"/>
  <system-out/>
  <testcase classname="test_cases.IM10E2ETest" name="testAddListing" time="63.104"/>
  <system-out/>
  <testcase classname="test_cases.IM10E2ETest" name="testSPALogOut" time="4.258"/>
  <system-out/>
  <testcase classname="test_cases.IM10E2ETest" name="testEMALogin" time="2.306"/>
  <system-out/>
  <testcase classname="test_cases.IM10E2ETest" name="testEMAAddPlayerEndorse" time="22.639"/>
  <system-out/>
  <testcase classname="test_cases.IM10E2ETest" name="testEMADeletePlayerEndorsement" time="6.347"/>
  <system-out/>
  <testcase classname="test_cases.IM10E2ETest" name="testEMALogOut" time="4.259"/>
  <system-out/>
  <testcase classname="test_cases.IM10E2ETest" name="testSPADeleteListingList" time="17.826"/>
  <system-out/>
  <testcase classname="test_cases.IM10E2ETest" name="testSPALogOutAfterDelete" time="4.323"/>
  <system-out/>
  <testcase classname="test_cases.IM10E2ETest" name="testIM10SADeletePlayer" time="10.724"/>
  <system-out/>
  <testcase classname="test_cases.IM10E2ETest" name="testIM10SADeleteLogOut" time="4.234"/>
  <system-out/>
  <testcase classname="test_cases.IM10E2ETest" name="testSaDeleteMultipleUsers" time="71.478"/>
  <system-out/>
</testsuite> <!-- test_cases.IM10E2ETest -->
