<?xml version="1.0" encoding="UTF-8"?>
<!-- Generated by org.testng.reporters.JUnitReportReporter -->
<testsuite hostname="MESHBAPUN205" failures="0" tests="1" name="test_cases.IM10E2ETest" time="2.412" errors="0" timestamp="2025-02-25T17:27:55 IST" skipped="0">
  <testcase classname="test_cases.IM10E2ETest" name="testSALogin" time="2.412"/>
  <system-out/>
</testsuite> <!-- test_cases.IM10E2ETest -->
